Arguments: 
  G:\Program Files\nodejs\node.exe G:\Program Files (x86)\Yarn\bin\yarn.js install

PATH: 
  C:\WINDOWS\system32;C:\WINDOWS;C:\WINDOWS\System32\Wbem;C:\Program Files\Java\jdk-14.0.2\bin;C:\Program Files\NVIDIA Corporation\NVIDIA NvDLISR;G:\Program Files\nodejs\node_global;C:\Program Files\PowerShell\7\;g:\Program Files\Git\cmd;G:\Program Files\nodejs\;G:\Program Files (x86)\Yarn\bin\;G:\Python\Scripts\;G:\Python\;C:\Users\BROX\AppData\Local\Microsoft\WindowsApps;g:\Program Files\Microsoft VS Code\bin;G:\Bandizip\;C:\Program Files (x86)\Java\jdk-14.0.2\bin;C:\Program Files (x86)\Java\jdk-14.0.2\jre\bin;g:\Users\BROX\AppData\Local\Programs\Microsoft VS Code\bin;G:\Program Files\Git;C:\Users\BROX\AppData\Roaming\npm;C:\Users\BROX\AppData\Local\Yarn\bin

Yarn version: 
  1.22.5

Node version: 
  14.15.4

Platform: 
  win32 x64

Trace: 
  Error: EPERM: operation not permitted, unlink 'C:\Users\BROX\AppData\Local\Yarn\Cache\v6\npm-typescript-4.1.3-519d582bd94cba0cf8934c7d8e8467e473f53bb7-integrity\node_modules\typescript\.yarn-tarball.tgz'

npm manifest: 
  {
    "name": "mpx-project",
    "version": "1.0.0",
    "description": "A mpx project",
    "main": "index.js",
    "scripts": {
      "watch": "node ./build/build.js -w",
      "watch:prod": "node ./build/build.js -w -p",
      "build": "node ./build/build.js -p",
      "build:dev": "node ./build/build.js",
      "watch:web:serve": "npx npm-run-all --parallel watch:web serve",
      "watch:web": "npm run watch --web",
      "serve": "npx http-server dist/web",
      "help": "node ./build/build.js --help"
    },
    "author": "broxlighters <broxlighters@gmail.com>",
    "license": "ISC",
    "dependencies": {
      "@mpxjs/api-proxy": "^2.5.10",
      "vue": "^2.6.10",
      "vue-i18n": "^8.15.3",
      "@mpxjs/core": "^2.6.31"
    },
    "browserslist": [
      "ios >= 9",
      "chrome >= 47"
    ],
    "devDependencies": {
      "copy-webpack-plugin": "^5.0.3",
      "@mpxjs/webpack-plugin": "^2.6.31",
      "http-server": "^0.12.0",
      "npm-run-all": "^4.1.5",
      "html-webpack-plugin": "^3.2.0",
      "vue-loader": "^15.9.3",
      "vue-router": "^3.1.3",
      "vue-template-compiler": "^2.6.10",
      "vue-style-loader": "^4.1.2",
      "jest": "^24.9.0",
      "miniprogram-simulate": "^1.1.6",
      "babel-jest": "^25.3.0",
      "eslint-loader": "^2.1.1",
      "babel-eslint": "^10.0.1",
      "eslint": "^6.0.0",
      "eslint-config-babel": "^8.0.2",
      "eslint-config-standard": "^12.0.0",
      "eslint-friendly-formatter": "^4.0.1",
      "eslint-plugin-html": "^6.0.1",
      "eslint-plugin-import": "^2.14.0",
      "eslint-plugin-local-rules": "^0.1.0",
      "eslint-plugin-node": "^8.0.0",
      "eslint-plugin-prettier": "^2.6.2",
      "eslint-plugin-promise": "^4.0.1",
      "eslint-plugin-standard": "^4.0.0",
      "ts-loader": "^6.0.0",
      "typescript": "^4.1.2",
      "@babel/core": "^7.10.4",
      "@babel/plugin-transform-runtime": "^7.10.4",
      "@babel/preset-env": "^7.10.4",
      "@babel/runtime-corejs3": "^7.10.4",
      "babel-loader": "^8.1.0",
      "chalk": "^2.3.2",
      "css-loader": "^0.28.11",
      "file-loader": "^1.1.11",
      "html-loader": "^0.5.5",
      "ora": "^2.0.0",
      "path": "^0.12.7",
      "rimraf": "^2.6.2",
      "stylus": "^0.54.5",
      "stylus-loader": "^3.0.2",
      "url-loader": "^1.0.1",
      "webpack": "^4.44.1",
      "webpack-cli": "^3.3.12",
      "webpack-merge": "^4.1.2",
      "webpack-bundle-analyzer": "^3.3.2",
      "commander": "^6.0.0"
    }
  }

yarn manifest: 
  No manifest

Lockfile: 
  No lockfile
